 2021-09-23 19:45:39,339 — root — INFO — New manager is regester 

 2021-09-23 19:46:40,313 — root — INFO — kurosh is regester 

 2021-09-23 19:48:40,222 — root — INFO — candy is regester 

 2021-09-23 19:52:27,981 — root — INFO — 09126854427 is regester 

 2021-09-23 19:54:18,168 — root — INFO — 09126854427 is regester 

 2021-09-23 20:01:45,113 — root — INFO — 09126854427 is regester 

 2021-09-23 20:05:11,840 — root — INFO — 09126854427 is regester 

 2021-09-23 20:10:01,742 — root — INFO — 09126854427 is regester 

 2021-09-24 08:03:04,854 — root — INFO — New manager is regester 

 2021-09-24 08:03:56,443 — root — INFO — kuroosh is regester 

 2021-09-24 08:07:44,844 — root — INFO — New manager is regester 

 2021-09-24 08:08:36,193 — root — INFO — Ofogh is regester 

 2021-09-24 08:10:49,060 — root — INFO — shoes is regester 

 2021-09-24 08:13:36,054 — root — INFO — 09191049849 is regester 

 2021-09-24 08:18:43,258 — root — INFO — 09191049849 is regester 

 2021-09-24 08:21:03,104 — root — INFO — 09191049849 is regester 

 2021-09-24 08:24:14,611 — root — INFO — 09191049849 is regester 

 2021-09-24 08:26:25,957 — root — INFO — 09191049849 is regester 

 2021-09-24 08:27:59,623 — root — INFO — New customer is regester 

 2021-09-24 08:28:59,456 — root — INFO — New customer is regester 

 2021-09-24 08:29:40,660 — root — INFO — New customer is regester 

 2021-09-24 08:31:43,812 — root — INFO — 09383190180 is regester 

 2021-09-24 13:31:15,913 — root — INFO — 09191049849 is regester 

 2021-09-25 14:58:43,417 — root — INFO — 09191049849 is regester 

 2021-09-25 15:02:23,165 — root — INFO — 09191049849 is regester 

 2021-09-25 15:05:22,283 — root — INFO — 09191049849 is regester 

 2021-09-25 15:08:51,884 — root — INFO — 09191049849 is regester 

 2021-09-25 15:13:04,508 — root — INFO — 09191049849 is regester 

 2021-09-26 08:37:04,649 — root — INFO — 09191049849 is regester 

 2021-09-26 08:38:22,911 — root — ERROR — <class 'ValueError'> 

 2021-09-26 08:40:21,930 — root — INFO — 09191049849 is regester 

 2021-09-26 08:40:35,423 — root — ERROR — <class 'ValueError'> 

 2021-09-26 10:51:03,398 — root — ERROR — <class 'ValueError'> 

 2021-09-26 10:55:19,067 — root — INFO — 09191049849 is regester 

 2021-09-26 10:55:34,330 — root — ERROR — <class 'ValueError'> 

 2021-09-26 10:56:46,560 — root — INFO — 09191049849 is regester 

 2021-09-26 10:57:09,055 — root — ERROR — <class 'ValueError'> 

 2021-09-26 11:15:59,390 — root — INFO — 09191049849 is regester 

 2021-09-26 11:17:25,338 — root — INFO — 09191049849 is regester 

